<?xml version="1.0" encoding="UTF-8"?>
<!-- Generated by org.testng.reporters.JUnitReportReporter -->
<testsuite skipped="1" hostname="URMILA-PC" name="testRunner.MainRunner" tests="2" failures="0" timestamp="04 Aug 2020 06:07:01 GMT" time="104.397" errors="0">
  <testcase name="runScenario" time="66.507" classname="testRunner.MainRunner">
    <skipped/>
  </testcase> <!-- runScenario -->
  <testcase name="runScenario" time="37.890" classname="testRunner.MainRunner"/>
</testsuite> <!-- testRunner.MainRunner -->
